2009-01-02 19:58:41,028 [main] ERROR org.red5.io.flv.impl.FLV - An error occured looking for metadata:
java.io.FileNotFoundException: test/test.flv (No such file or directory)
	at java.io.FileInputStream.open(Native Method) [na:1.6.0_0]
	at java.io.FileInputStream.<init>(FileInputStream.java:137) [na:1.6.0_0]
	at org.red5.io.flv.impl.FLVReader.<init>(FLVReader.java:150) [classes/:na]
	at org.red5.io.flv.impl.FLVReader.<init>(FLVReader.java:135) [classes/:na]
	at org.red5.io.flv.impl.FLV.<init>(FLV.java:99) [classes/:na]
	at org.red5.io.flv.impl.FLVService.getStreamableFile(FLVService.java:89) [classes/:na]
	at org.red5.server.io.MetaServiceTest.testWrite(MetaServiceTest.java:50) [test-classes/:na]
	at sun.reflect.NativeMethodAccessorImpl.invoke0(Native Method) [na:1.6.0_0]
	at sun.reflect.NativeMethodAccessorImpl.invoke(NativeMethodAccessorImpl.java:57) [na:1.6.0_0]
	at sun.reflect.DelegatingMethodAccessorImpl.invoke(DelegatingMethodAccessorImpl.java:43) [na:1.6.0_0]
	at java.lang.reflect.Method.invoke(Method.java:616) [na:1.6.0_0]
	at junit.framework.TestCase.runTest(TestCase.java:168) [junit-4.5.jar:na]
	at junit.framework.TestCase.runBare(TestCase.java:134) [junit-4.5.jar:na]
	at junit.framework.TestResult$1.protect(TestResult.java:110) [junit-4.5.jar:na]
	at junit.framework.TestResult.runProtected(TestResult.java:128) [junit-4.5.jar:na]
	at junit.framework.TestResult.run(TestResult.java:113) [junit-4.5.jar:na]
	at junit.framework.TestCase.run(TestCase.java:124) [junit-4.5.jar:na]
	at junit.framework.TestSuite.runTest(TestSuite.java:232) [junit-4.5.jar:na]
	at junit.framework.TestSuite.run(TestSuite.java:227) [junit-4.5.jar:na]
	at org.junit.internal.runners.JUnit38ClassRunner.run(JUnit38ClassRunner.java:79) [junit-4.5.jar:na]
	at org.eclipse.jdt.internal.junit4.runner.JUnit4TestReference.run(JUnit4TestReference.java:45) [.cp/:na]
	at org.eclipse.jdt.internal.junit.runner.TestExecution.run(TestExecution.java:38) [.cp/:na]
	at org.eclipse.jdt.internal.junit.runner.RemoteTestRunner.runTests(RemoteTestRunner.java:460) [.cp/:na]
	at org.eclipse.jdt.internal.junit.runner.RemoteTestRunner.runTests(RemoteTestRunner.java:673) [.cp/:na]
	at org.eclipse.jdt.internal.junit.runner.RemoteTestRunner.run(RemoteTestRunner.java:386) [.cp/:na]
	at org.eclipse.jdt.internal.junit.runner.RemoteTestRunner.main(RemoteTestRunner.java:196) [.cp/:na]
2009-01-02 19:58:44,410 [main] ERROR org.red5.io.flv.impl.FLV - An error occured looking for metadata:
java.io.FileNotFoundException: test/test.flv (No such file or directory)
	at java.io.FileInputStream.open(Native Method) [na:1.6.0_0]
	at java.io.FileInputStream.<init>(FileInputStream.java:137) [na:1.6.0_0]
	at org.red5.io.flv.impl.FLVReader.<init>(FLVReader.java:150) [classes/:na]
	at org.red5.io.flv.impl.FLVReader.<init>(FLVReader.java:135) [classes/:na]
	at org.red5.io.flv.impl.FLV.<init>(FLV.java:99) [classes/:na]
	at org.red5.io.flv.impl.FLVService.getStreamableFile(FLVService.java:89) [classes/:na]
	at org.red5.server.io.FLVServiceImplTest.testFLVFile(FLVServiceImplTest.java:98) [test-classes/:na]
	at sun.reflect.NativeMethodAccessorImpl.invoke0(Native Method) [na:1.6.0_0]
	at sun.reflect.NativeMethodAccessorImpl.invoke(NativeMethodAccessorImpl.java:57) [na:1.6.0_0]
	at sun.reflect.DelegatingMethodAccessorImpl.invoke(DelegatingMethodAccessorImpl.java:43) [na:1.6.0_0]
	at java.lang.reflect.Method.invoke(Method.java:616) [na:1.6.0_0]
	at junit.framework.TestCase.runTest(TestCase.java:168) [junit-4.5.jar:na]
	at junit.framework.TestCase.runBare(TestCase.java:134) [junit-4.5.jar:na]
	at junit.framework.TestResult$1.protect(TestResult.java:110) [junit-4.5.jar:na]
	at junit.framework.TestResult.runProtected(TestResult.java:128) [junit-4.5.jar:na]
	at junit.framework.TestResult.run(TestResult.java:113) [junit-4.5.jar:na]
	at junit.framework.TestCase.run(TestCase.java:124) [junit-4.5.jar:na]
	at junit.framework.TestSuite.runTest(TestSuite.java:232) [junit-4.5.jar:na]
	at junit.framework.TestSuite.run(TestSuite.java:227) [junit-4.5.jar:na]
	at org.junit.internal.runners.JUnit38ClassRunner.run(JUnit38ClassRunner.java:79) [junit-4.5.jar:na]
	at org.eclipse.jdt.internal.junit4.runner.JUnit4TestReference.run(JUnit4TestReference.java:45) [.cp/:na]
	at org.eclipse.jdt.internal.junit.runner.TestExecution.run(TestExecution.java:38) [.cp/:na]
	at org.eclipse.jdt.internal.junit.runner.RemoteTestRunner.runTests(RemoteTestRunner.java:460) [.cp/:na]
	at org.eclipse.jdt.internal.junit.runner.RemoteTestRunner.runTests(RemoteTestRunner.java:673) [.cp/:na]
	at org.eclipse.jdt.internal.junit.runner.RemoteTestRunner.run(RemoteTestRunner.java:386) [.cp/:na]
	at org.eclipse.jdt.internal.junit.runner.RemoteTestRunner.main(RemoteTestRunner.java:196) [.cp/:na]
